# Logfile created on 2013-12-27 11:42:43 -0500 by logger.rb/31641
I, [2013-12-27T11:42:43.261843 #4272]  INFO -- : 0:  rake (10.1.1) from C:/RailsInstaller/Ruby1.9.3/lib/ruby/gems/1.9.1/specifications/rake-10.1.1.gemspec
I, [2013-12-27T11:42:43.262843 #4272]  INFO -- : 0:  i18n (0.6.9) from C:/RailsInstaller/Ruby1.9.3/lib/ruby/gems/1.9.1/specifications/i18n-0.6.9.gemspec
I, [2013-12-27T11:42:43.263843 #4272]  INFO -- : 0:  minitest (4.7.5) from C:/RailsInstaller/Ruby1.9.3/lib/ruby/gems/1.9.1/specifications/minitest-4.7.5.gemspec
I, [2013-12-27T11:42:43.264843 #4272]  INFO -- : 0:  multi_json (1.8.2) from C:/RailsInstaller/Ruby1.9.3/lib/ruby/gems/1.9.1/specifications/multi_json-1.8.2.gemspec
I, [2013-12-27T11:42:43.265843 #4272]  INFO -- : 0:  atomic (1.1.14) from C:/RailsInstaller/Ruby1.9.3/lib/ruby/gems/1.9.1/specifications/atomic-1.1.14.gemspec
I, [2013-12-27T11:42:43.265843 #4272]  INFO -- : 0:  thread_safe (0.1.3) from C:/RailsInstaller/Ruby1.9.3/lib/ruby/gems/1.9.1/specifications/thread_safe-0.1.3.gemspec
I, [2013-12-27T11:42:43.267843 #4272]  INFO -- : 0:  tzinfo (0.3.38) from C:/RailsInstaller/Ruby1.9.3/lib/ruby/gems/1.9.1/specifications/tzinfo-0.3.38.gemspec
I, [2013-12-27T11:42:43.268843 #4272]  INFO -- : 0:  activesupport (4.0.2) from C:/RailsInstaller/Ruby1.9.3/lib/ruby/gems/1.9.1/specifications/activesupport-4.0.2.gemspec
I, [2013-12-27T11:42:43.269843 #4272]  INFO -- : 0:  builder (3.1.4) from C:/RailsInstaller/Ruby1.9.3/lib/ruby/gems/1.9.1/specifications/builder-3.1.4.gemspec
I, [2013-12-27T11:42:43.270843 #4272]  INFO -- : 0:  activemodel (4.0.2) from C:/RailsInstaller/Ruby1.9.3/lib/ruby/gems/1.9.1/specifications/activemodel-4.0.2.gemspec
I, [2013-12-27T11:42:43.271843 #4272]  INFO -- : 0:  activerecord-deprecated_finders (1.0.3) from C:/RailsInstaller/Ruby1.9.3/lib/ruby/gems/1.9.1/specifications/activerecord-deprecated_finders-1.0.3.gemspec
I, [2013-12-27T11:42:43.272843 #4272]  INFO -- : 0:  arel (4.0.1) from C:/RailsInstaller/Ruby1.9.3/lib/ruby/gems/1.9.1/specifications/arel-4.0.1.gemspec
I, [2013-12-27T11:42:43.273843 #4272]  INFO -- : 0:  activerecord (4.0.2) from C:/RailsInstaller/Ruby1.9.3/lib/ruby/gems/1.9.1/specifications/activerecord-4.0.2.gemspec
I, [2013-12-27T11:42:52.890394 #4272]  INFO -- : 0:  pg (0.17.1) from C:/RailsInstaller/Ruby1.9.3/lib/ruby/gems/1.9.1/specifications/pg-0.17.1-x86-mingw32.gemspec
I, [2013-12-27T11:42:52.892394 #4272]  INFO -- : 0:  rack (1.5.2) from C:/RailsInstaller/Ruby1.9.3/lib/ruby/gems/1.9.1/specifications/rack-1.5.2.gemspec
I, [2013-12-27T11:42:52.893394 #4272]  INFO -- : 0:  rack-protection (1.5.1) from C:/RailsInstaller/Ruby1.9.3/lib/ruby/gems/1.9.1/specifications/rack-protection-1.5.1.gemspec
I, [2013-12-27T11:42:52.894394 #4272]  INFO -- : 0:  tilt (1.4.1) from C:/RailsInstaller/Ruby1.9.3/lib/ruby/gems/1.9.1/specifications/tilt-1.4.1.gemspec
I, [2013-12-27T11:42:52.895394 #4272]  INFO -- : 0:  sinatra (1.4.4) from C:/RailsInstaller/Ruby1.9.3/lib/ruby/gems/1.9.1/specifications/sinatra-1.4.4.gemspec
I, [2013-12-27T11:42:52.896394 #4272]  INFO -- : 0:  sinatra-activerecord (1.2.3) from C:/RailsInstaller/Ruby1.9.3/lib/ruby/gems/1.9.1/specifications/sinatra-activerecord-1.2.3.gemspec
I, [2013-12-27T11:42:52.897394 #4272]  INFO -- : 0:  sqlite3 (1.3.8) from C:/RailsInstaller/Ruby1.9.3/lib/ruby/gems/1.9.1/specifications/sqlite3-1.3.8-x86-mingw32.gemspec
I, [2013-12-27T11:42:52.898394 #4272]  INFO -- : 0:  bundler (1.5.0) from C:/RailsInstaller/Ruby1.9.3/lib/ruby/gems/1.9.1/specifications/bundler-1.5.0.gemspec
I, [2013-12-27T11:43:46.293448 #5844]  INFO -- : 0:  rake (10.1.1) from C:/RailsInstaller/Ruby1.9.3/lib/ruby/gems/1.9.1/specifications/rake-10.1.1.gemspec
I, [2013-12-27T11:43:46.294448 #5844]  INFO -- : 0:  i18n (0.6.9) from C:/RailsInstaller/Ruby1.9.3/lib/ruby/gems/1.9.1/specifications/i18n-0.6.9.gemspec
I, [2013-12-27T11:43:46.295448 #5844]  INFO -- : 0:  minitest (4.7.5) from C:/RailsInstaller/Ruby1.9.3/lib/ruby/gems/1.9.1/specifications/minitest-4.7.5.gemspec
I, [2013-12-27T11:43:46.296448 #5844]  INFO -- : 0:  multi_json (1.8.2) from C:/RailsInstaller/Ruby1.9.3/lib/ruby/gems/1.9.1/specifications/multi_json-1.8.2.gemspec
I, [2013-12-27T11:43:46.298448 #5844]  INFO -- : 0:  atomic (1.1.14) from C:/RailsInstaller/Ruby1.9.3/lib/ruby/gems/1.9.1/specifications/atomic-1.1.14.gemspec
I, [2013-12-27T11:43:46.299448 #5844]  INFO -- : 0:  thread_safe (0.1.3) from C:/RailsInstaller/Ruby1.9.3/lib/ruby/gems/1.9.1/specifications/thread_safe-0.1.3.gemspec
I, [2013-12-27T11:43:46.300448 #5844]  INFO -- : 0:  tzinfo (0.3.38) from C:/RailsInstaller/Ruby1.9.3/lib/ruby/gems/1.9.1/specifications/tzinfo-0.3.38.gemspec
I, [2013-12-27T11:43:46.301448 #5844]  INFO -- : 0:  activesupport (4.0.2) from C:/RailsInstaller/Ruby1.9.3/lib/ruby/gems/1.9.1/specifications/activesupport-4.0.2.gemspec
I, [2013-12-27T11:43:46.302449 #5844]  INFO -- : 0:  builder (3.1.4) from C:/RailsInstaller/Ruby1.9.3/lib/ruby/gems/1.9.1/specifications/builder-3.1.4.gemspec
I, [2013-12-27T11:43:46.303449 #5844]  INFO -- : 0:  activemodel (4.0.2) from C:/RailsInstaller/Ruby1.9.3/lib/ruby/gems/1.9.1/specifications/activemodel-4.0.2.gemspec
I, [2013-12-27T11:43:46.307449 #5844]  INFO -- : 0:  activerecord-deprecated_finders (1.0.3) from C:/RailsInstaller/Ruby1.9.3/lib/ruby/gems/1.9.1/specifications/activerecord-deprecated_finders-1.0.3.gemspec
I, [2013-12-27T11:43:46.309449 #5844]  INFO -- : 0:  arel (4.0.1) from C:/RailsInstaller/Ruby1.9.3/lib/ruby/gems/1.9.1/specifications/arel-4.0.1.gemspec
I, [2013-12-27T11:43:46.310449 #5844]  INFO -- : 0:  activerecord (4.0.2) from C:/RailsInstaller/Ruby1.9.3/lib/ruby/gems/1.9.1/specifications/activerecord-4.0.2.gemspec
I, [2013-12-27T11:43:46.311449 #5844]  INFO -- : 0:  pg (0.17.1) from C:/RailsInstaller/Ruby1.9.3/lib/ruby/gems/1.9.1/specifications/pg-0.17.1-x86-mingw32.gemspec
I, [2013-12-27T11:43:46.312449 #5844]  INFO -- : 0:  rack (1.5.2) from C:/RailsInstaller/Ruby1.9.3/lib/ruby/gems/1.9.1/specifications/rack-1.5.2.gemspec
I, [2013-12-27T11:43:46.313449 #5844]  INFO -- : 0:  rack-protection (1.5.1) from C:/RailsInstaller/Ruby1.9.3/lib/ruby/gems/1.9.1/specifications/rack-protection-1.5.1.gemspec
I, [2013-12-27T11:43:46.314449 #5844]  INFO -- : 0:  tilt (1.4.1) from C:/RailsInstaller/Ruby1.9.3/lib/ruby/gems/1.9.1/specifications/tilt-1.4.1.gemspec
I, [2013-12-27T11:43:46.315449 #5844]  INFO -- : 0:  sinatra (1.4.4) from C:/RailsInstaller/Ruby1.9.3/lib/ruby/gems/1.9.1/specifications/sinatra-1.4.4.gemspec
I, [2013-12-27T11:43:46.316449 #5844]  INFO -- : 0:  sinatra-activerecord (1.2.3) from C:/RailsInstaller/Ruby1.9.3/lib/ruby/gems/1.9.1/specifications/sinatra-activerecord-1.2.3.gemspec
I, [2013-12-27T11:43:46.318449 #5844]  INFO -- : 0:  sqlite3 (1.3.8) from C:/RailsInstaller/Ruby1.9.3/lib/ruby/gems/1.9.1/specifications/sqlite3-1.3.8-x86-mingw32.gemspec
I, [2013-12-27T11:43:46.319449 #5844]  INFO -- : 0:  bundler (1.5.0) from C:/RailsInstaller/Ruby1.9.3/lib/ruby/gems/1.9.1/specifications/bundler-1.5.0.gemspec
I, [2013-12-27T12:14:25.859665 #4560]  INFO -- : 0:  rake (10.1.1) from C:/RailsInstaller/Ruby1.9.3/lib/ruby/gems/1.9.1/specifications/rake-10.1.1.gemspec
I, [2013-12-27T12:14:25.860665 #4560]  INFO -- : 0:  i18n (0.6.9) from C:/RailsInstaller/Ruby1.9.3/lib/ruby/gems/1.9.1/specifications/i18n-0.6.9.gemspec
I, [2013-12-27T12:14:25.861665 #4560]  INFO -- : 0:  minitest (4.7.5) from C:/RailsInstaller/Ruby1.9.3/lib/ruby/gems/1.9.1/specifications/minitest-4.7.5.gemspec
I, [2013-12-27T12:14:25.862665 #4560]  INFO -- : 0:  multi_json (1.8.2) from C:/RailsInstaller/Ruby1.9.3/lib/ruby/gems/1.9.1/specifications/multi_json-1.8.2.gemspec
I, [2013-12-27T12:14:25.863665 #4560]  INFO -- : 0:  atomic (1.1.14) from C:/RailsInstaller/Ruby1.9.3/lib/ruby/gems/1.9.1/specifications/atomic-1.1.14.gemspec
I, [2013-12-27T12:14:25.864665 #4560]  INFO -- : 0:  thread_safe (0.1.3) from C:/RailsInstaller/Ruby1.9.3/lib/ruby/gems/1.9.1/specifications/thread_safe-0.1.3.gemspec
I, [2013-12-27T12:14:25.865666 #4560]  INFO -- : 0:  tzinfo (0.3.38) from C:/RailsInstaller/Ruby1.9.3/lib/ruby/gems/1.9.1/specifications/tzinfo-0.3.38.gemspec
I, [2013-12-27T12:14:25.865666 #4560]  INFO -- : 0:  activesupport (4.0.2) from C:/RailsInstaller/Ruby1.9.3/lib/ruby/gems/1.9.1/specifications/activesupport-4.0.2.gemspec
I, [2013-12-27T12:14:25.866666 #4560]  INFO -- : 0:  builder (3.1.4) from C:/RailsInstaller/Ruby1.9.3/lib/ruby/gems/1.9.1/specifications/builder-3.1.4.gemspec
I, [2013-12-27T12:14:25.867666 #4560]  INFO -- : 0:  activemodel (4.0.2) from C:/RailsInstaller/Ruby1.9.3/lib/ruby/gems/1.9.1/specifications/activemodel-4.0.2.gemspec
I, [2013-12-27T12:14:25.868666 #4560]  INFO -- : 0:  activerecord-deprecated_finders (1.0.3) from C:/RailsInstaller/Ruby1.9.3/lib/ruby/gems/1.9.1/specifications/activerecord-deprecated_finders-1.0.3.gemspec
I, [2013-12-27T12:14:25.869666 #4560]  INFO -- : 0:  arel (4.0.1) from C:/RailsInstaller/Ruby1.9.3/lib/ruby/gems/1.9.1/specifications/arel-4.0.1.gemspec
I, [2013-12-27T12:14:25.870666 #4560]  INFO -- : 0:  activerecord (4.0.2) from C:/RailsInstaller/Ruby1.9.3/lib/ruby/gems/1.9.1/specifications/activerecord-4.0.2.gemspec
I, [2013-12-27T12:14:25.870666 #4560]  INFO -- : 0:  rack (1.5.2) from C:/RailsInstaller/Ruby1.9.3/lib/ruby/gems/1.9.1/specifications/rack-1.5.2.gemspec
I, [2013-12-27T12:14:25.871666 #4560]  INFO -- : 0:  rack-protection (1.5.1) from C:/RailsInstaller/Ruby1.9.3/lib/ruby/gems/1.9.1/specifications/rack-protection-1.5.1.gemspec
I, [2013-12-27T12:14:25.872666 #4560]  INFO -- : 0:  tilt (1.4.1) from C:/RailsInstaller/Ruby1.9.3/lib/ruby/gems/1.9.1/specifications/tilt-1.4.1.gemspec
I, [2013-12-27T12:14:25.877666 #4560]  INFO -- : 0:  sinatra (1.4.4) from C:/RailsInstaller/Ruby1.9.3/lib/ruby/gems/1.9.1/specifications/sinatra-1.4.4.gemspec
I, [2013-12-27T12:14:25.878666 #4560]  INFO -- : 0:  sinatra-activerecord (1.2.3) from C:/RailsInstaller/Ruby1.9.3/lib/ruby/gems/1.9.1/specifications/sinatra-activerecord-1.2.3.gemspec
I, [2013-12-27T12:14:25.879666 #4560]  INFO -- : 0:  sqlite3 (1.3.8) from C:/RailsInstaller/Ruby1.9.3/lib/ruby/gems/1.9.1/specifications/sqlite3-1.3.8-x86-mingw32.gemspec
I, [2013-12-27T12:14:25.879666 #4560]  INFO -- : 0:  bundler (1.5.0) from C:/RailsInstaller/Ruby1.9.3/lib/ruby/gems/1.9.1/specifications/bundler-1.5.0.gemspec
I, [2013-12-27T12:43:41.240067 #4512]  INFO -- : 0:  rake (10.1.1) from C:/RailsInstaller/Ruby1.9.3/lib/ruby/gems/1.9.1/specifications/rake-10.1.1.gemspec
I, [2013-12-27T12:43:41.242067 #4512]  INFO -- : 0:  i18n (0.6.9) from C:/RailsInstaller/Ruby1.9.3/lib/ruby/gems/1.9.1/specifications/i18n-0.6.9.gemspec
I, [2013-12-27T12:43:41.243067 #4512]  INFO -- : 0:  minitest (4.7.5) from C:/RailsInstaller/Ruby1.9.3/lib/ruby/gems/1.9.1/specifications/minitest-4.7.5.gemspec
I, [2013-12-27T12:43:41.244067 #4512]  INFO -- : 0:  multi_json (1.8.2) from C:/RailsInstaller/Ruby1.9.3/lib/ruby/gems/1.9.1/specifications/multi_json-1.8.2.gemspec
I, [2013-12-27T12:43:41.245067 #4512]  INFO -- : 0:  atomic (1.1.14) from C:/RailsInstaller/Ruby1.9.3/lib/ruby/gems/1.9.1/specifications/atomic-1.1.14.gemspec
I, [2013-12-27T12:43:41.250068 #4512]  INFO -- : 0:  thread_safe (0.1.3) from C:/RailsInstaller/Ruby1.9.3/lib/ruby/gems/1.9.1/specifications/thread_safe-0.1.3.gemspec
I, [2013-12-27T12:43:41.251068 #4512]  INFO -- : 0:  tzinfo (0.3.38) from C:/RailsInstaller/Ruby1.9.3/lib/ruby/gems/1.9.1/specifications/tzinfo-0.3.38.gemspec
I, [2013-12-27T12:43:41.252068 #4512]  INFO -- : 0:  activesupport (4.0.2) from C:/RailsInstaller/Ruby1.9.3/lib/ruby/gems/1.9.1/specifications/activesupport-4.0.2.gemspec
I, [2013-12-27T12:43:41.252068 #4512]  INFO -- : 0:  builder (3.1.4) from C:/RailsInstaller/Ruby1.9.3/lib/ruby/gems/1.9.1/specifications/builder-3.1.4.gemspec
I, [2013-12-27T12:43:41.253068 #4512]  INFO -- : 0:  activemodel (4.0.2) from C:/RailsInstaller/Ruby1.9.3/lib/ruby/gems/1.9.1/specifications/activemodel-4.0.2.gemspec
I, [2013-12-27T12:43:41.254068 #4512]  INFO -- : 0:  activerecord-deprecated_finders (1.0.3) from C:/RailsInstaller/Ruby1.9.3/lib/ruby/gems/1.9.1/specifications/activerecord-deprecated_finders-1.0.3.gemspec
I, [2013-12-27T12:43:41.255068 #4512]  INFO -- : 0:  arel (4.0.1) from C:/RailsInstaller/Ruby1.9.3/lib/ruby/gems/1.9.1/specifications/arel-4.0.1.gemspec
I, [2013-12-27T12:43:41.256068 #4512]  INFO -- : 0:  activerecord (4.0.2) from C:/RailsInstaller/Ruby1.9.3/lib/ruby/gems/1.9.1/specifications/activerecord-4.0.2.gemspec
I, [2013-12-27T12:43:41.257068 #4512]  INFO -- : 0:  rack (1.5.2) from C:/RailsInstaller/Ruby1.9.3/lib/ruby/gems/1.9.1/specifications/rack-1.5.2.gemspec
I, [2013-12-27T12:43:41.257068 #4512]  INFO -- : 0:  rack-protection (1.5.1) from C:/RailsInstaller/Ruby1.9.3/lib/ruby/gems/1.9.1/specifications/rack-protection-1.5.1.gemspec
I, [2013-12-27T12:43:41.258068 #4512]  INFO -- : 0:  tilt (1.4.1) from C:/RailsInstaller/Ruby1.9.3/lib/ruby/gems/1.9.1/specifications/tilt-1.4.1.gemspec
I, [2013-12-27T12:43:41.259068 #4512]  INFO -- : 0:  sinatra (1.4.4) from C:/RailsInstaller/Ruby1.9.3/lib/ruby/gems/1.9.1/specifications/sinatra-1.4.4.gemspec
I, [2013-12-27T12:43:41.260068 #4512]  INFO -- : 0:  sinatra-activerecord (1.2.3) from C:/RailsInstaller/Ruby1.9.3/lib/ruby/gems/1.9.1/specifications/sinatra-activerecord-1.2.3.gemspec
I, [2013-12-27T12:43:41.261068 #4512]  INFO -- : 0:  sqlite3 (1.3.8) from C:/RailsInstaller/Ruby1.9.3/lib/ruby/gems/1.9.1/specifications/sqlite3-1.3.8-x86-mingw32.gemspec
I, [2013-12-27T12:43:41.262068 #4512]  INFO -- : 0:  bundler (1.5.0) from C:/RailsInstaller/Ruby1.9.3/lib/ruby/gems/1.9.1/specifications/bundler-1.5.0.gemspec
I, [2013-12-27T12:46:33.648928 #3832]  INFO -- : 0:  rake (10.1.1) from C:/RailsInstaller/Ruby1.9.3/lib/ruby/gems/1.9.1/specifications/rake-10.1.1.gemspec
I, [2013-12-27T12:46:33.650929 #3832]  INFO -- : 0:  i18n (0.6.9) from C:/RailsInstaller/Ruby1.9.3/lib/ruby/gems/1.9.1/specifications/i18n-0.6.9.gemspec
I, [2013-12-27T12:46:33.651929 #3832]  INFO -- : 0:  minitest (4.7.5) from C:/RailsInstaller/Ruby1.9.3/lib/ruby/gems/1.9.1/specifications/minitest-4.7.5.gemspec
I, [2013-12-27T12:46:33.651929 #3832]  INFO -- : 0:  multi_json (1.8.2) from C:/RailsInstaller/Ruby1.9.3/lib/ruby/gems/1.9.1/specifications/multi_json-1.8.2.gemspec
I, [2013-12-27T12:46:33.652929 #3832]  INFO -- : 0:  atomic (1.1.14) from C:/RailsInstaller/Ruby1.9.3/lib/ruby/gems/1.9.1/specifications/atomic-1.1.14.gemspec
I, [2013-12-27T12:46:33.653929 #3832]  INFO -- : 0:  thread_safe (0.1.3) from C:/RailsInstaller/Ruby1.9.3/lib/ruby/gems/1.9.1/specifications/thread_safe-0.1.3.gemspec
I, [2013-12-27T12:46:33.654929 #3832]  INFO -- : 0:  tzinfo (0.3.38) from C:/RailsInstaller/Ruby1.9.3/lib/ruby/gems/1.9.1/specifications/tzinfo-0.3.38.gemspec
I, [2013-12-27T12:46:33.655929 #3832]  INFO -- : 0:  activesupport (4.0.2) from C:/RailsInstaller/Ruby1.9.3/lib/ruby/gems/1.9.1/specifications/activesupport-4.0.2.gemspec
I, [2013-12-27T12:46:33.656929 #3832]  INFO -- : 0:  builder (3.1.4) from C:/RailsInstaller/Ruby1.9.3/lib/ruby/gems/1.9.1/specifications/builder-3.1.4.gemspec
I, [2013-12-27T12:46:33.656929 #3832]  INFO -- : 0:  activemodel (4.0.2) from C:/RailsInstaller/Ruby1.9.3/lib/ruby/gems/1.9.1/specifications/activemodel-4.0.2.gemspec
I, [2013-12-27T12:46:33.657929 #3832]  INFO -- : 0:  activerecord-deprecated_finders (1.0.3) from C:/RailsInstaller/Ruby1.9.3/lib/ruby/gems/1.9.1/specifications/activerecord-deprecated_finders-1.0.3.gemspec
I, [2013-12-27T12:46:33.658929 #3832]  INFO -- : 0:  arel (4.0.1) from C:/RailsInstaller/Ruby1.9.3/lib/ruby/gems/1.9.1/specifications/arel-4.0.1.gemspec
I, [2013-12-27T12:46:33.659929 #3832]  INFO -- : 0:  activerecord (4.0.2) from C:/RailsInstaller/Ruby1.9.3/lib/ruby/gems/1.9.1/specifications/activerecord-4.0.2.gemspec
I, [2013-12-27T12:46:33.660929 #3832]  INFO -- : 0:  backports (3.3.5) from C:/RailsInstaller/Ruby1.9.3/lib/ruby/gems/1.9.1/specifications/backports-3.3.5.gemspec
I, [2013-12-27T12:46:33.660929 #3832]  INFO -- : 0:  pg (0.17.1) from C:/RailsInstaller/Ruby1.9.3/lib/ruby/gems/1.9.1/specifications/pg-0.17.1-x86-mingw32.gemspec
I, [2013-12-27T12:46:33.661929 #3832]  INFO -- : 0:  rack (1.5.2) from C:/RailsInstaller/Ruby1.9.3/lib/ruby/gems/1.9.1/specifications/rack-1.5.2.gemspec
I, [2013-12-27T12:46:33.662929 #3832]  INFO -- : 0:  rack-protection (1.5.1) from C:/RailsInstaller/Ruby1.9.3/lib/ruby/gems/1.9.1/specifications/rack-protection-1.5.1.gemspec
I, [2013-12-27T12:46:33.663929 #3832]  INFO -- : 0:  rack-test (0.6.2) from C:/RailsInstaller/Ruby1.9.3/lib/ruby/gems/1.9.1/specifications/rack-test-0.6.2.gemspec
I, [2013-12-27T12:46:33.664929 #3832]  INFO -- : 0:  tilt (1.4.1) from C:/RailsInstaller/Ruby1.9.3/lib/ruby/gems/1.9.1/specifications/tilt-1.4.1.gemspec
I, [2013-12-27T12:46:33.665929 #3832]  INFO -- : 0:  sinatra (1.4.4) from C:/RailsInstaller/Ruby1.9.3/lib/ruby/gems/1.9.1/specifications/sinatra-1.4.4.gemspec
I, [2013-12-27T12:46:33.666929 #3832]  INFO -- : 0:  sinatra-activerecord (1.2.3) from C:/RailsInstaller/Ruby1.9.3/lib/ruby/gems/1.9.1/specifications/sinatra-activerecord-1.2.3.gemspec
I, [2013-12-27T12:46:33.666929 #3832]  INFO -- : 0:  sinatra-contrib (1.4.2) from C:/RailsInstaller/Ruby1.9.3/lib/ruby/gems/1.9.1/specifications/sinatra-contrib-1.4.2.gemspec
I, [2013-12-27T12:46:33.667929 #3832]  INFO -- : 0:  sinatra-flash (0.3.0) from C:/RailsInstaller/Ruby1.9.3/lib/ruby/gems/1.9.1/specifications/sinatra-flash-0.3.0.gemspec
I, [2013-12-27T12:46:33.668930 #3832]  INFO -- : 0:  sinatra-redirect-with-flash (0.2.0) from C:/RailsInstaller/Ruby1.9.3/lib/ruby/gems/1.9.1/specifications/sinatra-redirect-with-flash-0.2.0.gemspec
I, [2013-12-27T12:46:33.669930 #3832]  INFO -- : 0:  sqlite3 (1.3.8) from C:/RailsInstaller/Ruby1.9.3/lib/ruby/gems/1.9.1/specifications/sqlite3-1.3.8-x86-mingw32.gemspec
I, [2013-12-27T12:46:33.669930 #3832]  INFO -- : 0:  bundler (1.5.0) from C:/RailsInstaller/Ruby1.9.3/lib/ruby/gems/1.9.1/specifications/bundler-1.5.0.gemspec
